<?xml version="1.0" encoding="UTF-8" ?>
<testsuite failures="1" time="0.484" errors="0" skipped="0" tests="1" name="TestSuite">
  <properties>
[...]
</properties>
  <testcase time="0.007" classname="foo.HelloWorldTest" name="testGetText">
    <failure message="Unresolved compilation problems: 
	HelloWorld cannot be resolved to a type
	HelloWorld cannot be resolved to a type
" type="java.lang.Error">java.lang.Error: Unresolved compilation problems: 
	HelloWorld cannot be resolved to a type
	HelloWorld cannot be resolved to a type

	at foo.HelloWorldTest.testGetText(HelloWorldTest.java:9)
</failure>
  </testcase>
</testsuite>